<?xml version="1.0" encoding="utf-8"?><testsuites name="pytest tests"><testsuite name="pytest" errors="0" failures="0" skipped="0" tests="10" time="3.480" timestamp="2026-03-10T17:36:56.054710+00:00" hostname="agent-env-f4e36b27-d9bf-4b19-9cbb-1d0111b06524"><testcase classname="backend.tests.test_customer_display.TestCustomerDisplay" name="test_generate_pairing_code" time="0.174" /><testcase classname="backend.tests.test_customer_display.TestCustomerDisplay" name="test_check_unpaired_code" time="0.239" /><testcase classname="backend.tests.test_customer_display.TestCustomerDisplay" name="test_check_invalid_code" time="0.134" /><testcase classname="backend.tests.test_customer_display.TestCustomerDisplay" name="test_pair_display_without_auth" time="0.232" /><testcase classname="backend.tests.test_customer_display.TestCustomerDisplay" name="test_pair_display_with_auth" time="0.563" /><testcase classname="backend.tests.test_customer_display.TestCustomerDisplay" name="test_get_paired_displays" time="0.339" /><testcase classname="backend.tests.test_customer_display.TestCustomerDisplay" name="test_connection_status" time="0.356" /><testcase classname="backend.tests.test_customer_display.TestCustomerDisplay" name="test_get_display_data_with_user_id" time="0.506" /><testcase classname="backend.tests.test_customer_display.TestCustomerDisplay" name="test_reset_customer_display" time="0.376" /><testcase classname="backend.tests.test_customer_display.TestCustomerDisplay" name="test_unpair_display" time="0.530" /></testsuite></testsuites>