<?xml version="1.0" encoding="utf-8"?><testsuites name="pytest tests"><testsuite name="pytest" errors="0" failures="0" skipped="0" tests="9" time="3.162" timestamp="2026-03-10T18:54:48.993188+00:00" hostname="agent-env-f4e36b27-d9bf-4b19-9cbb-1d0111b06524"><testcase classname="tests.test_new_features.TestParkedCarts" name="test_get_parked_carts_requires_auth" time="0.331" /><testcase classname="tests.test_new_features.TestParkedCarts" name="test_get_parked_carts_success" time="0.610" /><testcase classname="tests.test_new_features.TestParkedCarts" name="test_create_parked_cart" time="0.368" /><testcase classname="tests.test_new_features.TestParkedCarts" name="test_delete_parked_cart" time="0.381" /><testcase classname="tests.test_new_features.TestParkedCarts" name="test_send_parked_cart_to_display" time="0.369" /><testcase classname="tests.test_new_features.TestEmailReceipts" name="test_send_receipt_requires_auth" time="0.170" /><testcase classname="tests.test_new_features.TestEmailReceipts" name="test_send_receipt_no_api_key" time="0.310" /><testcase classname="tests.test_new_features.TestEmailReceipts" name="test_send_receipt_invalid_order" time="0.316" /><testcase classname="tests.test_new_features.TestSubscriptionData" name="test_user_has_subscription_fields" time="0.269" /></testsuite></testsuites>