<?xml version="1.0" encoding="utf-8"?><testsuites name="pytest tests"><testsuite name="pytest" errors="0" failures="1" skipped="0" tests="18" time="5.059" timestamp="2026-03-10T16:28:45.559522+00:00" hostname="agent-env-f4e36b27-d9bf-4b19-9cbb-1d0111b06524"><testcase classname="tests.test_admin.TestAdmin" name="test_verify_pin_success" time="0.447" /><testcase classname="tests.test_admin.TestAdmin" name="test_verify_pin_failure" time="0.269" /><testcase classname="tests.test_admin.TestAdmin" name="test_get_settings" time="0.277" /><testcase classname="tests.test_admin.TestAdmin" name="test_get_admin_stats" time="0.250" /><testcase classname="tests.test_admin.TestAdmin" name="test_update_settings" time="0.306" /><testcase classname="tests.test_health_and_auth.TestHealthAndAuth" name="test_health_check" time="0.121" /><testcase classname="tests.test_health_and_auth.TestHealthAndAuth" name="test_login_success" time="0.236" /><testcase classname="tests.test_health_and_auth.TestHealthAndAuth" name="test_login_invalid_credentials" time="0.116" /><testcase classname="tests.test_health_and_auth.TestHealthAndAuth" name="test_get_me_authenticated" time="0.286" /><testcase classname="tests.test_health_and_auth.TestHealthAndAuth" name="test_get_me_unauthenticated" time="0.128" /><testcase classname="tests.test_orders.TestOrders" name="test_get_orders" time="0.302" /><testcase classname="tests.test_orders.TestOrders" name="test_create_order" time="0.490" /><testcase classname="tests.test_orders.TestOrders" name="test_confirm_order" time="0.354"><failure message="KeyError: 'status'">tests/test_orders.py:82: in test_confirm_order
    assert confirmed["status"] == "paid"
           ^^^^^^^^^^^^^^^^^^^
E   KeyError: 'status'</failure></testcase><testcase classname="tests.test_orders.TestOrders" name="test_get_daily_stats" time="0.247" /><testcase classname="tests.test_products.TestProducts" name="test_get_products_authenticated" time="0.276" /><testcase classname="tests.test_products.TestProducts" name="test_get_products_active_only" time="0.241" /><testcase classname="tests.test_products.TestProducts" name="test_create_product" time="0.351" /><testcase classname="tests.test_products.TestProducts" name="test_create_product_missing_fields" time="0.310" /></testsuite></testsuites>