<?xml version="1.0" encoding="utf-8"?><testsuites name="pytest tests"><testsuite name="pytest" errors="0" failures="0" skipped="0" tests="16" time="6.735" timestamp="2026-03-10T19:08:21.008333+00:00" hostname="agent-env-f4e36b27-d9bf-4b19-9cbb-1d0111b06524"><testcase classname="tests.test_superadmin.TestSuperadminAuth" name="test_login_success" time="0.320" /><testcase classname="tests.test_superadmin.TestSuperadminAuth" name="test_login_invalid_credentials" time="0.190" /><testcase classname="tests.test_superadmin.TestSuperadminAuth" name="test_get_me_authenticated" time="0.364" /><testcase classname="tests.test_superadmin.TestSuperadminAuth" name="test_get_me_unauthenticated" time="0.131" /><testcase classname="tests.test_superadmin.TestSuperadminAuth" name="test_logout" time="0.419" /><testcase classname="tests.test_superadmin.TestSuperadminStats" name="test_get_stats" time="0.360" /><testcase classname="tests.test_superadmin.TestSuperadminStats" name="test_get_economic_overview" time="0.321" /><testcase classname="tests.test_superadmin.TestSuperadminUsers" name="test_list_users" time="0.337" /><testcase classname="tests.test_superadmin.TestSuperadminUsers" name="test_get_user_by_id" time="0.479" /><testcase classname="tests.test_superadmin.TestSuperadminUsers" name="test_update_subscription" time="0.661" /><testcase classname="tests.test_superadmin.TestSuperadminUsers" name="test_verify_user_email" time="0.559" /><testcase classname="tests.test_superadmin.TestSuperadminUsers" name="test_reset_pin" time="0.413" /><testcase classname="tests.test_superadmin.TestSuperadminSettings" name="test_get_settings" time="0.327" /><testcase classname="tests.test_superadmin.TestSuperadminSettings" name="test_update_settings" time="0.675" /><testcase classname="tests.test_superadmin.TestSuperadminGuest1" name="test_get_guest1_status" time="0.282" /><testcase classname="tests.test_superadmin.TestSuperadminGuest1" name="test_toggle_guest1" time="0.847" /></testsuite></testsuites>